This file contains any messages produced by compilers while
running configure, to aid debugging if configure makes a mistake.

It was created by gnuclad configure 0.1, which was
generated by GNU Autoconf 2.64.  Invocation command line was

  $ ./configure 

## --------- ##
## Platform. ##
## --------- ##

hostname = bryonak-laptop
uname -m = x86_64
uname -r = 2.6.31-9-rt
uname -s = Linux
uname -v = #152-Ubuntu SMP PREEMPT RT Thu Oct 15 13:22:24 UTC 2009

/usr/bin/uname -p = unknown
/bin/uname -X     = unknown

/bin/arch              = unknown
/usr/bin/arch -k       = unknown
/usr/convex/getsysinfo = unknown
/usr/bin/hostinfo      = unknown
/bin/machine           = unknown
/usr/bin/oslevel       = unknown
/bin/universe          = unknown

PATH: /home/bryonak/bin
PATH: /home/bryonak/bin
PATH: /usr/local/sbin
PATH: /usr/local/bin
PATH: /usr/sbin
PATH: /usr/bin
PATH: /sbin
PATH: /bin
PATH: /usr/games


## ----------- ##
## Core tests. ##
## ----------- ##

configure:1834: checking for a BSD-compatible install
configure:1902: result: /usr/bin/install -c
configure:1913: checking whether build environment is sane
configure:1963: result: yes
configure:2104: checking for a thread-safe mkdir -p
configure:2143: result: /bin/mkdir -p
configure:2156: checking for gawk
configure:2172: found /usr/bin/gawk
configure:2183: result: gawk
configure:2194: checking whether make sets $(MAKE)
configure:2216: result: yes
configure:2355: checking for gcc
configure:2371: found /usr/bin/gcc
configure:2382: result: gcc
configure:2611: checking for C compiler version
configure:2620: gcc --version >&5
gcc (Ubuntu 4.4.1-4ubuntu9) 4.4.1
Copyright (C) 2009 Free Software Foundation, Inc.
This is free software; see the source for copying conditions.  There is NO
warranty; not even for MERCHANTABILITY or FITNESS FOR A PARTICULAR PURPOSE.

configure:2631: $? = 0
configure:2620: gcc -v >&5
Using built-in specs.
Target: x86_64-linux-gnu
Configured with: ../src/configure -v --with-pkgversion='Ubuntu 4.4.1-4ubuntu9' --with-bugurl=file:///usr/share/doc/gcc-4.4/README.Bugs --enable-languages=c,c++,fortran,objc,obj-c++ --prefix=/usr --enable-shared --enable-multiarch --enable-linker-build-id --with-system-zlib --libexecdir=/usr/lib --without-included-gettext --enable-threads=posix --with-gxx-include-dir=/usr/include/c++/4.4 --program-suffix=-4.4 --enable-nls --enable-clocale=gnu --enable-libstdcxx-debug --enable-objc-gc --disable-werror --with-arch-32=i486 --with-tune=generic --enable-checking=release --build=x86_64-linux-gnu --host=x86_64-linux-gnu --target=x86_64-linux-gnu
Thread model: posix
gcc version 4.4.1 (Ubuntu 4.4.1-4ubuntu9) 
configure:2631: $? = 0
configure:2620: gcc -V >&5
gcc: '-V' option must have argument
configure:2631: $? = 1
configure:2620: gcc -qversion >&5
gcc: unrecognized option '-qversion'
gcc: no input files
configure:2631: $? = 1
configure:2653: checking for C compiler default output file name
configure:2675: gcc    conftest.c  >&5
configure:2679: $? = 0
configure:2716: result: a.out
configure:2732: checking whether the C compiler works
configure:2741: ./a.out
configure:2745: $? = 0
configure:2760: result: yes
configure:2767: checking whether we are cross compiling
configure:2769: result: no
configure:2772: checking for suffix of executables
configure:2779: gcc -o conftest    conftest.c  >&5
configure:2783: $? = 0
configure:2805: result: 
configure:2811: checking for suffix of object files
configure:2833: gcc -c   conftest.c >&5
configure:2837: $? = 0
configure:2858: result: o
configure:2862: checking whether we are using the GNU C compiler
configure:2881: gcc -c   conftest.c >&5
configure:2881: $? = 0
configure:2890: result: yes
configure:2899: checking whether gcc accepts -g
configure:2919: gcc -c -g  conftest.c >&5
configure:2919: $? = 0
configure:2960: result: yes
configure:2977: checking for gcc option to accept ISO C89
configure:3041: gcc  -c -g -O2  conftest.c >&5
configure:3041: $? = 0
configure:3054: result: none needed
configure:3085: checking for style of include used by make
configure:3113: result: GNU
configure:3138: checking dependency style of gcc
configure:3248: result: gcc3
configure:3321: checking for g++
configure:3337: found /usr/bin/g++
configure:3348: result: g++
configure:3375: checking for C++ compiler version
configure:3384: g++ --version >&5
g++ (Ubuntu 4.4.1-4ubuntu9) 4.4.1
Copyright (C) 2009 Free Software Foundation, Inc.
This is free software; see the source for copying conditions.  There is NO
warranty; not even for MERCHANTABILITY or FITNESS FOR A PARTICULAR PURPOSE.

configure:3395: $? = 0
configure:3384: g++ -v >&5
Using built-in specs.
Target: x86_64-linux-gnu
Configured with: ../src/configure -v --with-pkgversion='Ubuntu 4.4.1-4ubuntu9' --with-bugurl=file:///usr/share/doc/gcc-4.4/README.Bugs --enable-languages=c,c++,fortran,objc,obj-c++ --prefix=/usr --enable-shared --enable-multiarch --enable-linker-build-id --with-system-zlib --libexecdir=/usr/lib --without-included-gettext --enable-threads=posix --with-gxx-include-dir=/usr/include/c++/4.4 --program-suffix=-4.4 --enable-nls --enable-clocale=gnu --enable-libstdcxx-debug --enable-objc-gc --disable-werror --with-arch-32=i486 --with-tune=generic --enable-checking=release --build=x86_64-linux-gnu --host=x86_64-linux-gnu --target=x86_64-linux-gnu
Thread model: posix
gcc version 4.4.1 (Ubuntu 4.4.1-4ubuntu9) 
configure:3395: $? = 0
configure:3384: g++ -V >&5
g++: '-V' option must have argument
configure:3395: $? = 1
configure:3384: g++ -qversion >&5
g++: unrecognized option '-qversion'
g++: no input files
configure:3395: $? = 1
configure:3399: checking whether we are using the GNU C++ compiler
configure:3418: g++ -c   conftest.cpp >&5
configure:3418: $? = 0
configure:3427: result: yes
configure:3436: checking whether g++ accepts -g
configure:3456: g++ -c -g  conftest.cpp >&5
configure:3456: $? = 0
configure:3497: result: yes
configure:3522: checking dependency style of g++
configure:3632: result: gcc3
configure:3771: creating ./config.status

## ---------------------- ##
## Running config.status. ##
## ---------------------- ##

This file was extended by gnuclad config.status 0.1, which was
generated by GNU Autoconf 2.64.  Invocation command line was

  CONFIG_FILES    = 
  CONFIG_HEADERS  = 
  CONFIG_LINKS    = 
  CONFIG_COMMANDS = 
  $ ./config.status 

on bryonak-laptop

config.status:841: creating Makefile
config.status:841: creating src/Makefile
config.status:841: creating manual/Makefile
config.status:841: creating config.h
config.status:1013: config.h is unchanged
config.status:1061: executing depfiles commands

## ---------------- ##
## Cache variables. ##
## ---------------- ##

ac_cv_c_compiler_gnu=yes
ac_cv_cxx_compiler_gnu=yes
ac_cv_env_CCC_set=
ac_cv_env_CCC_value=
ac_cv_env_CC_set=
ac_cv_env_CC_value=
ac_cv_env_CFLAGS_set=
ac_cv_env_CFLAGS_value=
ac_cv_env_CPPFLAGS_set=
ac_cv_env_CPPFLAGS_value=
ac_cv_env_CXXFLAGS_set=
ac_cv_env_CXXFLAGS_value=
ac_cv_env_CXX_set=
ac_cv_env_CXX_value=
ac_cv_env_LDFLAGS_set=
ac_cv_env_LDFLAGS_value=
ac_cv_env_LIBS_set=
ac_cv_env_LIBS_value=
ac_cv_env_build_alias_set=
ac_cv_env_build_alias_value=
ac_cv_env_host_alias_set=
ac_cv_env_host_alias_value=
ac_cv_env_target_alias_set=
ac_cv_env_target_alias_value=
ac_cv_objext=o
ac_cv_path_install='/usr/bin/install -c'
ac_cv_path_mkdir=/bin/mkdir
ac_cv_prog_AWK=gawk
ac_cv_prog_ac_ct_CC=gcc
ac_cv_prog_ac_ct_CXX=g++
ac_cv_prog_cc_c89=
ac_cv_prog_cc_g=yes
ac_cv_prog_cxx_g=yes
ac_cv_prog_make_make_set=yes
am_cv_CC_dependencies_compiler_type=gcc3
am_cv_CXX_dependencies_compiler_type=gcc3

## ----------------- ##
## Output variables. ##
## ----------------- ##

ACLOCAL='${SHELL} /home/bryonak/c/gnuclad/bryonak/missing --run aclocal-1.11'
AMDEPBACKSLASH='\'
AMDEP_FALSE='#'
AMDEP_TRUE=''
AMTAR='${SHELL} /home/bryonak/c/gnuclad/bryonak/missing --run tar'
AUTOCONF='${SHELL} /home/bryonak/c/gnuclad/bryonak/missing --run autoconf'
AUTOHEADER='${SHELL} /home/bryonak/c/gnuclad/bryonak/missing --run autoheader'
AUTOMAKE='${SHELL} /home/bryonak/c/gnuclad/bryonak/missing --run automake-1.11'
AWK='gawk'
CC='gcc'
CCDEPMODE='depmode=gcc3'
CFLAGS='-g -O2'
CPPFLAGS=''
CXX='g++'
CXXDEPMODE='depmode=gcc3'
CXXFLAGS='-g -O2'
CYGPATH_W='echo'
DEFS='-DHAVE_CONFIG_H'
DEPDIR='.deps'
ECHO_C=''
ECHO_N='-n'
ECHO_T=''
EXEEXT=''
INSTALL_DATA='${INSTALL} -m 644'
INSTALL_PROGRAM='${INSTALL}'
INSTALL_SCRIPT='${INSTALL}'
INSTALL_STRIP_PROGRAM='$(install_sh) -c -s'
LDFLAGS=''
LIBOBJS=''
LIBS=''
LTLIBOBJS=''
MAKEINFO='${SHELL} /home/bryonak/c/gnuclad/bryonak/missing --run makeinfo'
MKDIR_P='/bin/mkdir -p'
OBJEXT='o'
PACKAGE='gnuclad'
PACKAGE_BUGREPORT='bryonak at dyx dot ch'
PACKAGE_NAME='gnuclad'
PACKAGE_STRING='gnuclad 0.1'
PACKAGE_TARNAME='gnuclad'
PACKAGE_URL=''
PACKAGE_VERSION='0.1'
PATH_SEPARATOR=':'
SET_MAKE=''
SHELL='/bin/bash'
STRIP=''
VERSION='0.1'
ac_ct_CC='gcc'
ac_ct_CXX='g++'
am__EXEEXT_FALSE=''
am__EXEEXT_TRUE='#'
am__fastdepCC_FALSE='#'
am__fastdepCC_TRUE=''
am__fastdepCXX_FALSE='#'
am__fastdepCXX_TRUE=''
am__include='include'
am__isrc=''
am__leading_dot='.'
am__quote=''
am__tar='${AMTAR} chof - "$$tardir"'
am__untar='${AMTAR} xf -'
bindir='${exec_prefix}/bin'
build_alias=''
datadir='${datarootdir}'
datarootdir='${prefix}/share'
docdir='${datarootdir}/doc/${PACKAGE_TARNAME}'
dvidir='${docdir}'
exec_prefix='${prefix}'
host_alias=''
htmldir='${docdir}'
includedir='${prefix}/include'
infodir='${datarootdir}/info'
install_sh='${SHELL} /home/bryonak/c/gnuclad/bryonak/install-sh'
libdir='${exec_prefix}/lib'
libexecdir='${exec_prefix}/libexec'
localedir='${datarootdir}/locale'
localstatedir='${prefix}/var'
mandir='${datarootdir}/man'
mkdir_p='/bin/mkdir -p'
oldincludedir='/usr/include'
pdfdir='${docdir}'
prefix='/usr/local'
program_transform_name='s,x,x,'
psdir='${docdir}'
sbindir='${exec_prefix}/sbin'
sharedstatedir='${prefix}/com'
sysconfdir='${prefix}/etc'
target_alias=''

## ----------- ##
## confdefs.h. ##
## ----------- ##

/* confdefs.h */
#define PACKAGE_NAME "gnuclad"
#define PACKAGE_TARNAME "gnuclad"
#define PACKAGE_VERSION "0.1"
#define PACKAGE_STRING "gnuclad 0.1"
#define PACKAGE_BUGREPORT "bryonak at dyx dot ch"
#define PACKAGE_URL ""
#define PACKAGE "gnuclad"
#define VERSION "0.1"

configure: exit 0
